<?xml version="1.0" encoding="UTF-8"?>
<coverage generated="1642460054785" clover="3.2.0">
  <project timestamp="1642460054785" name="All files">
    <metrics statements="25" coveredstatements="21" conditionals="3" coveredconditionals="0" methods="10" coveredmethods="7" elements="38" coveredelements="28" complexity="0" loc="25" ncloc="25" packages="1" files="1" classes="1"/>
    <file name="helper.ts" path="C:\Users\Zahid\Desktop\shopify\src\util\helper.ts">
      <metrics statements="25" coveredstatements="21" conditionals="3" coveredconditionals="0" methods="10" coveredmethods="7"/>
      <line num="1" count="1" type="stmt"/>
      <line num="9" count="1" type="stmt"/>
      <line num="10" count="1" type="cond" truecount="0" falsecount="1"/>
      <line num="11" count="0" type="stmt"/>
      <line num="12" count="0" type="stmt"/>
      <line num="15" count="1" type="stmt"/>
      <line num="16" count="1" type="stmt"/>
      <line num="17" count="1" type="stmt"/>
      <line num="19" count="1" type="stmt"/>
      <line num="20" count="1" type="stmt"/>
      <line num="23" count="1" type="stmt"/>
      <line num="24" count="1" type="stmt"/>
      <line num="27" count="1" type="stmt"/>
      <line num="28" count="0" type="cond" truecount="0" falsecount="2"/>
      <line num="31" count="1" type="stmt"/>
      <line num="32" count="0" type="stmt"/>
      <line num="36" count="1" type="stmt"/>
      <line num="40" count="1" type="stmt"/>
      <line num="41" count="2" type="stmt"/>
      <line num="42" count="2" type="stmt"/>
      <line num="43" count="22" type="stmt"/>
      <line num="44" count="2" type="stmt"/>
      <line num="47" count="1" type="stmt"/>
      <line num="48" count="1" type="stmt"/>
      <line num="49" count="1" type="stmt"/>
    </file>
  </project>
</coverage>
