{"C:\\Users\\Zahid\\Desktop\\shopify\\src\\util\\helper.ts": {"path":"C:\\Users\\Zahid\\Desktop\\shopify\\src\\util\\helper.ts","statementMap":{"0":{"start":{"line":1,"column":0},"end":{"line":1,"column":26}},"1":{"start":{"line":9,"column":27},"end":{"line":38,"column":1}},"2":{"start":{"line":10,"column":2},"end":{"line":13,"column":7}},"3":{"start":{"line":11,"column":4},"end":{"line":13,"column":7}},"4":{"start":{"line":12,"column":6},"end":{"line":12,"column":65}},"5":{"start":{"line":15,"column":2},"end":{"line":37,"column":5}},"6":{"start":{"line":16,"column":14},"end":{"line":34,"column":6}},"7":{"start":{"line":17,"column":19},"end":{"line":17,"column":21}},"8":{"start":{"line":19,"column":6},"end":{"line":21,"column":9}},"9":{"start":{"line":20,"column":8},"end":{"line":20,"column":23}},"10":{"start":{"line":23,"column":6},"end":{"line":25,"column":9}},"11":{"start":{"line":24,"column":8},"end":{"line":24,"column":62}},"12":{"start":{"line":27,"column":6},"end":{"line":29,"column":9}},"13":{"start":{"line":28,"column":8},"end":{"line":28,"column":76}},"14":{"start":{"line":31,"column":6},"end":{"line":33,"column":9}},"15":{"start":{"line":32,"column":8},"end":{"line":32,"column":62}},"16":{"start":{"line":36,"column":4},"end":{"line":36,"column":14}},"17":{"start":{"line":9,"column":13},"end":{"line":9,"column":27}},"18":{"start":{"line":40,"column":32},"end":{"line":45,"column":1}},"19":{"start":{"line":41,"column":15},"end":{"line":41,"column":17}},"20":{"start":{"line":42,"column":19},"end":{"line":42,"column":83}},"21":{"start":{"line":43,"column":2},"end":{"line":43,"column":113}},"22":{"start":{"line":43,"column":15},"end":{"line":43,"column":16}},"23":{"start":{"line":43,"column":35},"end":{"line":43,"column":113}},"24":{"start":{"line":44,"column":2},"end":{"line":44,"column":25}},"25":{"start":{"line":40,"column":13},"end":{"line":40,"column":32}},"26":{"start":{"line":47,"column":32},"end":{"line":50,"column":1}},"27":{"start":{"line":48,"column":13},"end":{"line":48,"column":98}},"28":{"start":{"line":49,"column":2},"end":{"line":49,"column":55}},"29":{"start":{"line":47,"column":13},"end":{"line":47,"column":32}}},"fnMap":{"0":{"name":"(anonymous_0)","decl":{"start":{"line":9,"column":27},"end":{"line":9,"column":28}},"loc":{"start":{"line":9,"column":99},"end":{"line":38,"column":1}}},"1":{"name":"(anonymous_1)","decl":{"start":{"line":11,"column":37},"end":{"line":11,"column":38}},"loc":{"start":{"line":11,"column":51},"end":{"line":13,"column":5}}},"2":{"name":"(anonymous_2)","decl":{"start":{"line":15,"column":35},"end":{"line":15,"column":36}},"loc":{"start":{"line":15,"column":55},"end":{"line":37,"column":3}}},"3":{"name":"(anonymous_3)","decl":{"start":{"line":16,"column":37},"end":{"line":16,"column":38}},"loc":{"start":{"line":16,"column":45},"end":{"line":34,"column":5}}},"4":{"name":"(anonymous_4)","decl":{"start":{"line":19,"column":21},"end":{"line":19,"column":22}},"loc":{"start":{"line":19,"column":38},"end":{"line":21,"column":7}}},"5":{"name":"(anonymous_5)","decl":{"start":{"line":23,"column":20},"end":{"line":23,"column":23}},"loc":{"start":{"line":23,"column":25},"end":{"line":25,"column":7}}},"6":{"name":"(anonymous_6)","decl":{"start":{"line":27,"column":22},"end":{"line":27,"column":23}},"loc":{"start":{"line":27,"column":37},"end":{"line":29,"column":7}}},"7":{"name":"(anonymous_7)","decl":{"start":{"line":31,"column":24},"end":{"line":31,"column":25}},"loc":{"start":{"line":31,"column":40},"end":{"line":33,"column":7}}},"8":{"name":"(anonymous_8)","decl":{"start":{"line":40,"column":32},"end":{"line":40,"column":33}},"loc":{"start":{"line":40,"column":59},"end":{"line":45,"column":1}}},"9":{"name":"(anonymous_9)","decl":{"start":{"line":47,"column":32},"end":{"line":47,"column":43}},"loc":{"start":{"line":47,"column":45},"end":{"line":50,"column":1}}}},"branchMap":{"0":{"loc":{"start":{"line":10,"column":2},"end":{"line":13,"column":7}},"type":"if","locations":[{"start":{"line":10,"column":2},"end":{"line":13,"column":7}}]},"1":{"loc":{"start":{"line":28,"column":39},"end":{"line":28,"column":72}},"type":"binary-expr","locations":[{"start":{"line":28,"column":39},"end":{"line":28,"column":53}},{"start":{"line":28,"column":57},"end":{"line":28,"column":72}}]}},"s":{"0":1,"1":1,"2":1,"3":0,"4":0,"5":1,"6":1,"7":1,"8":1,"9":1,"10":1,"11":1,"12":1,"13":0,"14":1,"15":0,"16":1,"17":1,"18":1,"19":2,"20":2,"21":2,"22":2,"23":22,"24":2,"25":1,"26":1,"27":1,"28":1,"29":1},"f":{"0":1,"1":0,"2":1,"3":1,"4":1,"5":1,"6":0,"7":0,"8":2,"9":1},"b":{"0":[0],"1":[0,0]}}
}
