TN:
SF:src\util\helper.ts
FN:9,(anonymous_0)
FN:11,(anonymous_1)
FN:15,(anonymous_2)
FN:16,(anonymous_3)
FN:19,(anonymous_4)
FN:23,(anonymous_5)
FN:27,(anonymous_6)
FN:31,(anonymous_7)
FN:40,(anonymous_8)
FN:47,(anonymous_9)
FNF:10
FNH:7
FNDA:1,(anonymous_0)
FNDA:0,(anonymous_1)
FNDA:1,(anonymous_2)
FNDA:1,(anonymous_3)
FNDA:1,(anonymous_4)
FNDA:1,(anonymous_5)
FNDA:0,(anonymous_6)
FNDA:0,(anonymous_7)
FNDA:2,(anonymous_8)
FNDA:1,(anonymous_9)
DA:1,1
DA:9,1
DA:10,1
DA:11,0
DA:12,0
DA:15,1
DA:16,1
DA:17,1
DA:19,1
DA:20,1
DA:23,1
DA:24,1
DA:27,1
DA:28,0
DA:31,1
DA:32,0
DA:36,1
DA:40,1
DA:41,2
DA:42,2
DA:43,22
DA:44,2
DA:47,1
DA:48,1
DA:49,1
LF:25
LH:21
BRDA:10,0,0,0
BRDA:28,1,0,0
BRDA:28,1,1,0
BRF:3
BRH:0
end_of_record
